
// ==========================================================================
//  GPLEX error listing for lex source file <SimpleLex.lex>
// ==========================================================================
//  Version:  1.1.3.301
//  Machine:  DESKTOP-QPPTP52
//  DateTime: 10/4/2016 6:33:53 PM
//  UserName: yanus
// ==========================================================================


%using System.Linq;
%using QUT.Gppg;
%using OptimizingCompilers2016.Library.Helpers

%namespace OptimizingCompilers2016.Library
//^^^^^^^^
// Error: Unexpected symbol, skipping to  <%%> 
// Error: Parser error <Syntax error, unexpected "%namespace", expecting ";", or "."> 
// -----------------------------------------------------------------------------------

Alpha 	[a-zA-Z_]
Digit   [0-9] 
AlphaDigit {Alpha}|{Digit}
INTNUM  {Digit}+
REALNUM {INTNUM}\.{INTNUM}
ID {Alpha}{AlphaDigit}*

%%

{INTNUM} {
//^^^^^
// Error: Unknown lexical category <INTNUM> 
// -----------------------------------------
  yylval.iVal = int.Parse(yytext);
  return (int)Tokens.INUM;
}

{REALNUM} {
//^^^^^^
// Error: Unknown lexical category <REALNUM> 
// ------------------------------------------
	yylval.dVal = double.Parse(yytext);
  return (int)Tokens.RNUM;
}

{ID} {
// Error: Unknown lexical category <ID> 
// -------------------------------------
  int res = ScannerHelper.GetIDToken(yytext);
  if (res == (int)Tokens.ID)
	yylval.sVal = yytext;
  return res;
}

":=" { return (int)Tokens.ASSIGN; }
";"  { return (int)Tokens.SEMICOLON; }
"{"  { return (int)Tokens.BEGIN; }
"}"  { return (int)Tokens.END; }
"("  { return (int)Tokens.LBRACE; }
")"  { return (int)Tokens.RBRACE; }
"+"  { return (int)Tokens.PLUS; }
"-"  { return (int)Tokens.MINUS; }
"*"  { return (int)Tokens.MULT; }
"/"  { return (int)Tokens.DIV; }
"<"  { return (int)Tokens.LS; }
">"  { return (int)Tokens.GT; }
"<=" { return (int)Tokens.LE; }
">=" { return (int)Tokens.GE; }
"=" { return (int)Tokens.EQ; }
"!=" { return (int)Tokens.NE; }

[^ \r\n\t] {
	LexError();
	return (int)Tokens.EOF; // конец разбора
}

%{
  yylloc = new LexLocation(tokLin, tokCol, tokELin, tokECol); // позици€ символа (терминального или нетерминального), возвращаема€ @1 @2 и т.д.
%}

%%

public override void yyerror(string format, params object[] args) // обработка синтаксических ошибок
{
  var ww = args.Skip(1).Cast<string>().ToArray();
  string errorMsg = string.Format("({0},{1}): ¬стречено {2}, а ожидалось {3}", yyline, yycol, args[0], string.Join(" или ", ww));
  throw new SyntaxException(errorMsg);
}

public void LexError()
{
  string errorMsg = string.Format("({0},{1}): Ќеизвестный символ {2}", yyline, yycol, yytext);
  throw new LexException(errorMsg);
}

class ScannerHelper
{
  private static Dictionary<string,int> keywords;

  static ScannerHelper()
  {
	keywords = new Dictionary<string,int>();
	keywords.Add("cycle",(int)Tokens.CYCLE);
	keywords.Add("if",(int)Tokens.IF);
	keywords.Add("then",(int)Tokens.THEN);
	keywords.Add("else",(int)Tokens.ELSE);
	keywords.Add("for",(int)Tokens.FOR);
	keywords.Add("to",(int)Tokens.TO);
	keywords.Add("do",(int)Tokens.DO);
	keywords.Add("repeat",(int)Tokens.REPEAT);
	keywords.Add("until",(int)Tokens.UNTIL);
	keywords.Add("while",(int)Tokens.WHILE);
  }
  public static int GetIDToken(string s)
  {
    if (keywords.ContainsKey(s.ToLower())) // €зык нечувствителен к регистру
      return keywords[s];
    else
      return (int)Tokens.ID;
  }
}
// ==========================================================================

